<?xml version="1.0" encoding="UTF-8"?>
<!-- Generated by org.testng.reporters.JUnitReportReporter -->
<testsuite hostname="Tushars-MacBook-Air.local" failures="0" tests="3" name="tushargaurautomation.tests.SubmitOrderTest" time="28.313" errors="0" timestamp="2025-02-26T18:33:19 IST" skipped="0">
  <testcase classname="tushargaurautomation.tests.SubmitOrderTest" name="submitOrder" time="12.941"/>
  <testcase classname="tushargaurautomation.tests.SubmitOrderTest" name="OrderHistoryTest" time="2.399"/>
  <testcase classname="tushargaurautomation.tests.SubmitOrderTest" name="submitOrder" time="12.973"/>
</testsuite> <!-- tushargaurautomation.tests.SubmitOrderTest -->
