<?xml version="1.0" encoding="UTF-8"?>
<!-- Generated by org.testng.reporters.JUnitReportReporter -->
<testsuite hostname="Tushars-MacBook-Air.local" failures="0" tests="2" name="tushargaurautomation.tests.ErrorValidationsTest" time="15.630" errors="0" timestamp="2025-02-26T01:02:12 IST" skipped="0">
  <testcase classname="tushargaurautomation.tests.ErrorValidationsTest" name="LoginErrorValidation" time="2.843"/>
  <testcase classname="tushargaurautomation.tests.ErrorValidationsTest" name="ProductErrorValidation" time="12.787"/>
</testsuite> <!-- tushargaurautomation.tests.ErrorValidationsTest -->
