<?xml version="1.0" encoding="UTF-8"?>
<!-- Generated by org.testng.reporters.JUnitReportReporter -->
<testsuite hostname="Tushars-MacBook-Air.local" failures="0" tests="2" name="tushargaurautomation.tests.ErrorValidationsTest" time="14.776" errors="0" timestamp="2025-02-26T03:51:05 IST" skipped="0">
  <testcase classname="tushargaurautomation.tests.ErrorValidationsTest" name="ProductErrorValidation" time="12.261"/>
  <testcase classname="tushargaurautomation.tests.ErrorValidationsTest" name="LoginErrorValidation" time="2.515"/>
</testsuite> <!-- tushargaurautomation.tests.ErrorValidationsTest -->
