<?xml version="1.0" encoding="UTF-8"?>
<!-- Generated by org.testng.reporters.JUnitReportReporter -->
<testsuite hostname="Tushars-MacBook-Air.local" failures="0" tests="3" name="tushargaurautomation.tests.SubmitOrderTest" time="32.060" errors="0" timestamp="2025-02-24T21:07:13 IST" skipped="0">
  <testcase classname="tushargaurautomation.tests.SubmitOrderTest" name="submitOrder" time="12.720"/>
  <testcase classname="tushargaurautomation.tests.SubmitOrderTest" name="submitOrder" time="17.222"/>
  <testcase classname="tushargaurautomation.tests.SubmitOrderTest" name="OrderHistoryTest" time="2.118"/>
</testsuite> <!-- tushargaurautomation.tests.SubmitOrderTest -->
