<?xml version="1.0" encoding="UTF-8"?>
<!-- Generated by org.testng.reporters.JUnitReportReporter -->
<testsuite hostname="Tushars-MacBook-Air.local" failures="0" tests="2" name="tushargaurautomation.tests.ErrorValidationsTest" time="16.072" errors="0" timestamp="2025-02-26T18:33:19 IST" skipped="0">
  <testcase classname="tushargaurautomation.tests.ErrorValidationsTest" name="LoginErrorValidation" time="2.473"/>
  <testcase classname="tushargaurautomation.tests.ErrorValidationsTest" name="ProductErrorValidation" time="13.599"/>
</testsuite> <!-- tushargaurautomation.tests.ErrorValidationsTest -->
