<?xml version="1.0" encoding="UTF-8"?>
<!-- Generated by org.testng.reporters.JUnitReportReporter -->
<testsuite hostname="Tushars-MacBook-Air.local" failures="0" tests="3" name="test.day3" time="0.001" errors="0" timestamp="2025-02-16T00:08:34 IST" skipped="0">
  <testcase classname="test.day3" name="webLoginCarLoan" time="0.000"/>
  <system-out/>
  <testcase classname="test.day3" name="apiLoginCarLoan" time="0.001"/>
  <system-out/>
  <testcase classname="test.day3" name="mobileLoginCarLoan" time="0.000"/>
  <system-out/>
</testsuite> <!-- test.day3 -->
