<?xml version="1.0" encoding="UTF-8"?>
<!-- Generated by org.testng.reporters.JUnitReportReporter -->
<testsuite hostname="Tushars-MacBook-Air.local" failures="0" tests="3" name="test.day4" time="0.001" errors="0" timestamp="2025-02-16T00:08:34 IST" skipped="0">
  <testcase classname="test.day4" name="mobileLoginHomeLoan" time="0.000"/>
  <system-out/>
  <testcase classname="test.day4" name="apiLoginHomeLoan" time="0.000"/>
  <system-out/>
  <testcase classname="test.day4" name="webLoginHomeLoan" time="0.001"/>
  <system-out/>
</testsuite> <!-- test.day4 -->
