<?xml version="1.0" encoding="UTF-8"?>
<!-- Generated by org.testng.reporters.JUnitReportReporter -->
<testsuite hostname="Tushars-MacBook-Air.local" failures="0" tests="2" name="testFrameworkBasics.PS1" time="0.005" errors="0" timestamp="2025-02-16T01:03:16 IST" skipped="0">
  <testcase classname="testFrameworkBasics.PS1" name="testRun" time="0.002"/>
  <system-out/>
  <testcase classname="testFrameworkBasics.PS1" name="doThis" time="0.003"/>
  <system-out/>
</testsuite> <!-- testFrameworkBasics.PS1 -->
