<?xml version="1.0" encoding="UTF-8"?>
<!-- Generated by org.testng.reporters.JUnitReportReporter -->
<testsuite hostname="Tushars-MacBook-Air.local" failures="0" tests="1" name="test.day2" time="0.000" errors="0" timestamp="2025-02-16T00:08:34 IST" skipped="0">
  <testcase classname="test.day2" name="personalLoan" time="0.000"/>
  <system-out/>
</testsuite> <!-- test.day2 -->
