<?xml version="1.0" encoding="UTF-8"?>
<!-- Generated by org.testng.reporters.JUnitReportReporter -->
<testsuite hostname="Tushars-MacBook-Air.local" failures="0" tests="2" name="test.day1" time="0.004" errors="0" timestamp="2025-02-16T00:08:34 IST" skipped="0">
  <testcase classname="test.day1" name="Demo" time="0.004"/>
  <system-out/>
  <testcase classname="test.day1" name="SecondTest" time="0.000"/>
  <system-out/>
</testsuite> <!-- test.day1 -->
