<?xml version="1.0" encoding="UTF-8"?>
<!-- Generated by org.testng.reporters.JUnitReportReporter -->
<testsuite hostname="Tushars-MacBook-Air.local" failures="0" tests="1" name="tushargaurautomation.ExtentReports.ExtentReportsDemo" time="2.350" errors="0" timestamp="2025-02-19T01:15:25 IST" skipped="0">
  <testcase classname="tushargaurautomation.ExtentReports.ExtentReportsDemo" name="initialDemo" time="2.350"/>
  <system-out/>
</testsuite> <!-- tushargaurautomation.ExtentReports.ExtentReportsDemo -->
