<?xml version="1.0" encoding="UTF-8"?>
<!-- Generated by org.testng.reporters.JUnitReportReporter -->
<testsuite hostname="Tushars-MacBook-Air.local" failures="0" tests="3" name="tushargaurautomation.tests.SubmitOrderTest" time="30.293" errors="0" timestamp="2025-02-24T16:22:59 IST" skipped="0">
  <testcase classname="tushargaurautomation.tests.SubmitOrderTest" name="submitOrder" time="12.893"/>
  <testcase classname="tushargaurautomation.tests.SubmitOrderTest" name="OrderHistoryTest" time="3.199"/>
  <testcase classname="tushargaurautomation.tests.SubmitOrderTest" name="submitOrder" time="14.201"/>
</testsuite> <!-- tushargaurautomation.tests.SubmitOrderTest -->
