<?xml version="1.0" encoding="UTF-8"?>
<!-- Generated by org.testng.reporters.JUnitReportReporter -->
<testsuite hostname="Tushars-MacBook-Air.local" failures="0" tests="3" name="cucumber.TestNGTestRunner" time="38.616" errors="0" timestamp="2025-02-24T21:02:34 IST" skipped="0">
  <testcase classname="cucumber.TestNGTestRunner" name="runScenario" time="12.666"/>
  <testcase classname="cucumber.TestNGTestRunner" name="runScenario" time="12.839"/>
  <testcase classname="cucumber.TestNGTestRunner" name="runScenario" time="13.111"/>
</testsuite> <!-- cucumber.TestNGTestRunner -->
