<?xml version="1.0" encoding="UTF-8"?>
<!-- Generated by org.testng.reporters.JUnitReportReporter -->
<testsuite hostname="Tushars-MacBook-Air.local" failures="0" tests="3" name="tushargaurautomation.tests.SubmitOrderTest" time="29.019" errors="0" timestamp="2025-02-26T18:03:27 IST" skipped="0">
  <testcase classname="tushargaurautomation.tests.SubmitOrderTest" name="OrderHistoryTest" time="2.640"/>
  <testcase classname="tushargaurautomation.tests.SubmitOrderTest" name="submitOrder" time="13.502"/>
  <testcase classname="tushargaurautomation.tests.SubmitOrderTest" name="submitOrder" time="12.877"/>
</testsuite> <!-- tushargaurautomation.tests.SubmitOrderTest -->
