<?xml version="1.0" encoding="UTF-8"?>
<!-- Generated by org.testng.reporters.JUnitReportReporter -->
<testsuite hostname="Tushars-MacBook-Air.local" failures="0" tests="2" name="tushargaurautomation.tests.ErrorValidationsTest" time="19.261" errors="0" timestamp="2025-02-26T18:03:55 IST" skipped="0">
  <testcase classname="tushargaurautomation.tests.ErrorValidationsTest" name="ProductErrorValidation" time="13.887"/>
  <testcase classname="tushargaurautomation.tests.ErrorValidationsTest" name="LoginErrorValidation" time="5.374"/>
</testsuite> <!-- tushargaurautomation.tests.ErrorValidationsTest -->
