<?xml version="1.0" encoding="UTF-8"?>
<!-- Generated by org.testng.reporters.JUnitReportReporter -->
<testsuite hostname="Tushars-MacBook-Air.local" failures="0" tests="1" name="tushargaurautomation.tests.StandAloneTest" time="5.763" errors="0" timestamp="2025-02-17T19:36:06 IST" skipped="0">
  <testcase classname="tushargaurautomation.tests.StandAloneTest" name="submitOrder" time="5.763"/>
</testsuite> <!-- tushargaurautomation.tests.StandAloneTest -->
