<?xml version="1.0" encoding="UTF-8"?>
<!-- Generated by org.testng.reporters.JUnitReportReporter -->
<testsuite hostname="Tushars-MacBook-Air.local" failures="0" tests="2" name="cucumber.TestNGTestRunner" time="29.525" errors="0" timestamp="2025-02-26T18:05:31 IST" skipped="0">
  <testcase classname="cucumber.TestNGTestRunner" name="runScenario" time="13.240"/>
  <testcase classname="cucumber.TestNGTestRunner" name="runScenario" time="16.285"/>
</testsuite> <!-- cucumber.TestNGTestRunner -->
